<?xml version="1.0" encoding="UTF-8"?>
<testng-results skipped="0" failed="0" ignored="0" total="1" passed="1">
  <reporter-output>
  </reporter-output>
  <suite name="Page Object Model with PageFactory" duration-ms="169532" started-at="2019-01-17T11:25:27Z" finished-at="2019-01-17T11:28:17Z">
    <groups>
    </groups>
    <test name="Login and SearchProduct" duration-ms="169532" started-at="2019-01-17T11:25:27Z" finished-at="2019-01-17T11:28:17Z">
      <class name="testcases.eBayandroid.SearchProduct">
        <test-method status="PASS" signature="setUp()[pri:0, instance:testcases.eBayandroid.SearchProduct@4879dfad]" name="setUp" is-config="true" duration-ms="9127" started-at="2019-01-17T11:25:18Z" finished-at="2019-01-17T11:25:27Z">
          <reporter-output>
          </reporter-output>
        </test-method> <!-- setUp -->
        <test-method status="PASS" signature="init()[pri:0, instance:testcases.eBayandroid.SearchProduct@4879dfad]" name="init" is-config="true" duration-ms="330" started-at="2019-01-17T11:25:27Z" finished-at="2019-01-17T11:25:28Z">
          <reporter-output>
          </reporter-output>
        </test-method> <!-- init -->
        <test-method status="PASS" signature="searchProduct(java.lang.String, java.lang.String, java.lang.String, java.lang.String)[pri:1, instance:testcases.eBayandroid.SearchProduct@4879dfad]" name="searchProduct" duration-ms="169143" started-at="2019-01-17T11:25:28Z" data-provider="getData" finished-at="2019-01-17T11:28:17Z">
          <params>
            <param index="0">
              <value>
                <![CDATA[msankusha@gmail.com]]>
              </value>
            </param>
            <param index="1">
              <value>
                <![CDATA[Ankusha#10]]>
              </value>
            </param>
            <param index="2">
              <value>
                <![CDATA[65-inch TV]]>
              </value>
            </param>
            <param index="3">
              <value>
                <![CDATA[Samsung]]>
              </value>
            </param>
          </params>
          <reporter-output>
          </reporter-output>
        </test-method> <!-- searchProduct -->
        <test-method status="PASS" signature="tearDown()[pri:0, instance:testcases.eBayandroid.SearchProduct@4879dfad]" name="tearDown" is-config="true" duration-ms="3710" started-at="2019-01-17T11:28:17Z" finished-at="2019-01-17T11:28:21Z">
          <reporter-output>
          </reporter-output>
        </test-method> <!-- tearDown -->
      </class> <!-- testcases.eBayandroid.SearchProduct -->
    </test> <!-- Login and SearchProduct -->
  </suite> <!-- Page Object Model with PageFactory -->
</testng-results>
