<?xml version="1.0" encoding="UTF-8"?>
<!-- Generated by org.testng.reporters.JUnitXMLReporter -->
<testsuite hostname="Ankushas-MacBook-Air.local" ignored="0" name="Login and SearchProduct" tests="1" failures="1" timestamp="16 Jan 2019 21:28:00 GMT" time="93.807" errors="0">
  <testcase name="searchProduct" time="92.085" classname="testcases.eBayandroid.SearchProduct">
    <failure type="java.lang.AssertionError" message="expected [AU $1,680.00] but found [AU $1,680]">
      <![CDATA[java.lang.AssertionError: expected [AU $1,680.00] but found [AU $1,680]
at screens.eBay.CheckOutScreen.validateItemDetails(CheckOutScreen.java:34)
at testcases.eBayandroid.SearchProduct.searchProduct(SearchProduct.java:48)
... Removed 31 stack frames]]>
    </failure>
  </testcase> <!-- searchProduct -->
</testsuite> <!-- Login and SearchProduct -->
